<?xml version="1.0" encoding="UTF-8"?>
<!-- Generated by org.testng.reporters.JUnitXMLReporter -->
<testsuite ignored="0" hostname="SupriyaS-PC" failures="0" tests="3" name="Default test" time="40.496" errors="0" timestamp="2023-01-26T22:44:55 IST">
  <testcase classname="com.cmr.testcases.loginPageTest" name="loginPageTitle" time="0.045"/>
  <testcase classname="com.cmr.testcases.loginPageTest" name="logo" time="0.165"/>
  <testcase classname="com.cmr.testcases.loginPageTest" name="Validatelogin" time="6.838"/>
</testsuite> <!-- Default test -->
