<?xml version="1.0" encoding="UTF-8"?>
<!-- Generated by org.testng.reporters.JUnitXMLReporter -->
<testsuite ignored="0" hostname="SupriyaS-PC" failures="0" tests="10" name="FreeCMR" time="235.526" errors="0" timestamp="2023-01-24T16:40:04 IST">
  <testcase classname="com.cmr.testcases.loginPageTest" name="loginPageTitle" time="0.042"/>
  <testcase classname="com.cmr.testcases.loginPageTest" name="logo" time="0.145"/>
  <testcase classname="com.cmr.testcases.loginPageTest" name="Validatelogin" time="9.77"/>
  <testcase classname="com.cmr.testcases.homePageTest" name="ContactUserlink" time="3.11"/>
  <testcase classname="com.cmr.testcases.homePageTest" name="CorrectUserName" time="2.005"/>
  <testcase classname="com.cmr.testcases.homePageTest" name="HomePageTitle" time="0.019"/>
  <testcase classname="com.cmr.testcases.ContactPageTest" name="CreateContact" time="2.315"/>
  <testcase classname="com.cmr.testcases.ContactPageTest" name="CreateContact" time="2.194"/>
  <testcase classname="com.cmr.testcases.ContactPageTest" name="CreateContact" time="2.14"/>
  <testcase classname="com.cmr.testcases.ContactPageTest" name="ValidateContactLabelTest" time="0.06"/>
</testsuite> <!-- FreeCMR -->
